<?xml version="1.0" encoding="UTF-8"?>
<!-- Generated by org.testng.reporters.JUnitXMLReporter -->
<testsuite hostname="Rev-RyanSchlientz" name="Default test" tests="3" failures="0" timestamp="24 Jan 2020 15:48:16 GMT" time="7.135" errors="0">
  <testcase name="characterExists" time="1.874" classname="com.revature.charactertesting.CharacterSearchTest"/>
  <testcase name="characterExists" time="1.52" classname="com.revature.charactertesting.CharacterSearchTest"/>
  <testcase name="characterExists" time="2.22" classname="com.revature.charactertesting.CharacterSearchTest"/>
</testsuite> <!-- Default test -->
