<?xml version="1.0" encoding="UTF-8"?>
<testng-results skipped="0" failed="0" total="5" passed="5">
  <reporter-output>
  </reporter-output>
  <suite name="Wiki Main Page Tests" duration-ms="18930" started-at="2020-01-24T16:03:57Z" finished-at="2020-01-24T16:04:16Z">
    <groups>
      <group name="cucumber">
        <method signature="AbstractTestNGCucumberTests.feature(cucumber.api.testng.CucumberFeatureWrapper)[pri:0, instance:com.revature.behaviortests.TestRunner@4883b407]" name="feature" class="cucumber.api.testng.AbstractTestNGCucumberTests"/>
      </group> <!-- cucumber -->
    </groups>
    <test name="SSB Character Tests" duration-ms="6394" started-at="2020-01-24T16:03:57Z" finished-at="2020-01-24T16:04:04Z">
      <class name="com.revature.charactertesting.CharacterSearchTest">
        <test-method status="PASS" signature="before()[pri:0, instance:com.revature.charactertesting.CharacterSearchTest@39aeed2f]" name="before" is-config="true" duration-ms="1134" started-at="2020-01-24T11:03:57Z" finished-at="2020-01-24T11:03:58Z">
          <reporter-output>
          </reporter-output>
        </test-method> <!-- before -->
        <test-method status="PASS" signature="characterExists(java.lang.String, java.lang.String)[pri:0, instance:com.revature.charactertesting.CharacterSearchTest@39aeed2f]" name="characterExists" duration-ms="1848" started-at="2020-01-24T11:03:58Z" data-provider="characters" finished-at="2020-01-24T11:04:00Z">
          <params>
            <param index="0">
              <value>
                <![CDATA[Luigi]]>
              </value>
            </param>
            <param index="1">
              <value>
                <![CDATA[Luigi - Wikipedia]]>
              </value>
            </param>
          </params>
          <reporter-output>
          </reporter-output>
        </test-method> <!-- characterExists -->
        <test-method status="PASS" signature="before()[pri:0, instance:com.revature.charactertesting.CharacterSearchTest@39aeed2f]" name="before" is-config="true" duration-ms="196" started-at="2020-01-24T11:04:00Z" finished-at="2020-01-24T11:04:00Z">
          <reporter-output>
          </reporter-output>
        </test-method> <!-- before -->
        <test-method status="PASS" signature="characterExists(java.lang.String, java.lang.String)[pri:0, instance:com.revature.charactertesting.CharacterSearchTest@39aeed2f]" name="characterExists" duration-ms="1515" started-at="2020-01-24T11:04:00Z" data-provider="characters" finished-at="2020-01-24T11:04:02Z">
          <params>
            <param index="0">
              <value>
                <![CDATA[Wario]]>
              </value>
            </param>
            <param index="1">
              <value>
                <![CDATA[Wario - Wikipedia]]>
              </value>
            </param>
          </params>
          <reporter-output>
          </reporter-output>
        </test-method> <!-- characterExists -->
        <test-method status="PASS" signature="before()[pri:0, instance:com.revature.charactertesting.CharacterSearchTest@39aeed2f]" name="before" is-config="true" duration-ms="196" started-at="2020-01-24T11:04:02Z" finished-at="2020-01-24T11:04:02Z">
          <reporter-output>
          </reporter-output>
        </test-method> <!-- before -->
        <test-method status="PASS" signature="characterExists(java.lang.String, java.lang.String)[pri:0, instance:com.revature.charactertesting.CharacterSearchTest@39aeed2f]" name="characterExists" duration-ms="1489" started-at="2020-01-24T11:04:02Z" data-provider="characters" finished-at="2020-01-24T11:04:04Z">
          <params>
            <param index="0">
              <value>
                <![CDATA[Ganondorf]]>
              </value>
            </param>
            <param index="1">
              <value>
                <![CDATA[Ganon - Wikipedia]]>
              </value>
            </param>
          </params>
          <reporter-output>
          </reporter-output>
        </test-method> <!-- characterExists -->
      </class> <!-- com.revature.charactertesting.CharacterSearchTest -->
    </test> <!-- SSB Character Tests -->
    <test name="Cucumber Tests" duration-ms="12512" started-at="2020-01-24T16:04:04Z" finished-at="2020-01-24T16:04:16Z">
      <class name="com.revature.charactertesting.CharacterSearchTest">
        <test-method status="PASS" signature="setUp()[pri:0, instance:com.revature.charactertesting.CharacterSearchTest@39aeed2f]" name="setUp" is-config="true" duration-ms="3314" started-at="2020-01-24T11:03:54Z" finished-at="2020-01-24T11:03:57Z">
          <reporter-output>
          </reporter-output>
        </test-method> <!-- setUp -->
        <test-method status="PASS" signature="tearDown()[pri:0, instance:com.revature.charactertesting.CharacterSearchTest@39aeed2f]" name="tearDown" is-config="true" duration-ms="714" started-at="2020-01-24T11:04:16Z" finished-at="2020-01-24T11:04:17Z">
          <reporter-output>
          </reporter-output>
        </test-method> <!-- tearDown -->
        <test-method status="PASS" signature="teardown()[pri:0, instance:com.revature.behaviortests.TestRunner@4883b407]" name="teardown" is-config="true" duration-ms="1509" started-at="2020-01-24T11:04:17Z" finished-at="2020-01-24T11:04:18Z">
          <reporter-output>
          </reporter-output>
        </test-method> <!-- teardown -->
      </class> <!-- com.revature.charactertesting.CharacterSearchTest -->
      <class name="com.revature.behaviortests.TestRunner">
        <test-method status="PASS" signature="setUpClass()[pri:0, instance:com.revature.behaviortests.TestRunner@4883b407]" name="setUpClass" is-config="true" duration-ms="310" started-at="2020-01-24T11:04:04Z" finished-at="2020-01-24T11:04:04Z">
          <reporter-output>
          </reporter-output>
        </test-method> <!-- setUpClass -->
        <test-method status="PASS" signature="feature(cucumber.api.testng.CucumberFeatureWrapper)[pri:0, instance:com.revature.behaviortests.TestRunner@4883b407]" name="feature" duration-ms="5403" started-at="2020-01-24T11:04:04Z" description="Runs Cucumber Feature" data-provider="features" finished-at="2020-01-24T11:04:09Z">
          <params>
            <param index="0">
              <value>
                <![CDATA[Wikipedia supports many languages]]>
              </value>
            </param>
          </params>
          <reporter-output>
          </reporter-output>
        </test-method> <!-- feature -->
        <test-method status="PASS" signature="feature(cucumber.api.testng.CucumberFeatureWrapper)[pri:0, instance:com.revature.behaviortests.TestRunner@4883b407]" name="feature" duration-ms="6705" started-at="2020-01-24T11:04:09Z" description="Runs Cucumber Feature" data-provider="features" finished-at="2020-01-24T11:04:16Z">
          <params>
            <param index="0">
              <value>
                <![CDATA[Searching of Wikipedia]]>
              </value>
            </param>
          </params>
          <reporter-output>
          </reporter-output>
        </test-method> <!-- feature -->
        <test-method status="PASS" signature="tearDownClass()[pri:0, instance:com.revature.behaviortests.TestRunner@4883b407]" name="tearDownClass" is-config="true" duration-ms="3" started-at="2020-01-24T11:04:16Z" finished-at="2020-01-24T11:04:16Z">
          <reporter-output>
          </reporter-output>
        </test-method> <!-- tearDownClass -->
      </class> <!-- com.revature.behaviortests.TestRunner -->
    </test> <!-- Cucumber Tests -->
  </suite> <!-- Wiki Main Page Tests -->
</testng-results>
